[m4][INFO] === BOT START m4 (headless) ===
[m4][INFO] Map 6656x4480, Extract(6240,4000), Waves=2
[m4][INFO] Leader(224,352) HP=100/100
[m4][INFO] Squad=4 Hostiles=23 Mode=combat
[m4][INFO] Bot loop started
[m4][STATUS] 0s | HP:100/100 | Sq:4/4 | H:23 | K:0 | combat P=0.11 W=1
[m4][WARN] STUCK (224,352) 4.4s
[m4][WARN] STUCK (224,352) 4.9s
[m4][WARN] STUCK (224,352) 5.3s
[m4][STATUS] 5s | HP:100/100 | Sq:4/4 | H:23 | K:0 | combat P=0.08 W=1
[m4][STATUS] 10s | HP:100/100 | Sq:4/4 | H:22 | K:1 | combat P=0.12 W=1
[m4][ISSUE] SPAWN PROXIMITY: drone @ 53px from leader
[m4][ISSUE] SPAWN PROXIMITY: drone @ 51px from leader
[m4][ISSUE] SPAWN PROXIMITY: drone @ 56px from tech
[m4][ISSUE] SPAWN PROXIMITY: drone @ 56px from leader
[m4][ISSUE] SPAWN PROXIMITY: warrior @ 61px from leader
[m4][ISSUE] SPAWN PROXIMITY: warrior @ 58px from tech
[m4][ISSUE] SPAWN PROXIMITY: warrior @ 56px from tech
[m4][ISSUE] SPAWN PROXIMITY: warrior @ 43px from medic
[m4][ISSUE] SPAWN PROXIMITY: warrior @ 61px from medic
[m4][ISSUE] SPAWN PROXIMITY: warrior @ 61px from medic
[m4][ISSUE] SPAWN PROXIMITY: warrior @ 63px from heavy
[m4][ISSUE] SPAWN PROXIMITY: warrior @ 43px from leader
[m4][ISSUE] SPAWN PROXIMITY: warrior @ 44px from medic
[m4][ISSUE] SPAWN PROXIMITY: warrior @ 55px from heavy
[m4][ISSUE] SPAWN PROXIMITY: warrior @ 53px from tech
[m4][ISSUE] SPAWN PROXIMITY: warrior @ 62px from medic
[m4][ISSUE] SPAWN PROXIMITY: warrior @ 52px from leader
[m4][STATUS] 16s | HP:30/100 | Sq:4/4 | H:19 | K:4 | combat P=0.31 W=1
[m4][ISSUE] SPAWN PROXIMITY: warrior @ 41px from tech
[m4][ISSUE] SPAWN PROXIMITY: warrior @ 54px from leader
[m4][ISSUE] SPAWN PROXIMITY: warrior @ 53px from leader
[m4][ISSUE] SPAWN PROXIMITY: warrior @ 50px from heavy
[m4][EVENT] FOLLOWER DEATH: 1 lost () | 9 near | P=0.32
[m4][ISSUE] SPAWN PROXIMITY: warrior @ 62px from leader
[m4][ISSUE] SPAWN PROXIMITY: warrior @ 57px from leader
[m4][EVENT] FOLLOWER DEATH: 1 lost () | 9 near | P=0.32
[m4][ISSUE] SPAWN PROXIMITY: warrior @ 55px from leader
[m4][ISSUE] SPAWN PROXIMITY: warrior @ 59px from leader
[m4][EVENT] FOLLOWER DEATH: 1 lost () | 9 near | P=0.32
[m4][EVENT] BURST DMG -30HP → 0 | 7 close | firing: 3/1
[m4][EVENT] MODE: combat → defeat
[m4][DEATH] DEFEAT 17.6s | suspicious — full-HP enemy inside melee range (spawn inside?)
[m4][DEATH] Enemies: facehugger(278px,9hp), warrior(43px,40hp), drone(76px,63hp), warrior(55px,92hp), warrior(68px,92hp), warrior(35px,79hp), warrior(59px,92hp), warrior(48px,79hp)
[m4][DEATH] Followers alive=1 firing=3
[m4][INFO] ════════════════════════════════════
[m4][INFO] m4 DONE: defeat | 17.7s
[m4][INFO] HP:0/100 Sq:1/1 K:4
[m4][INFO] Issues: 35 | Modes: combat→defeat
