[m1][INFO] === BOT START m1 (headless) ===
[m1][INFO] Map 6656x4480, Extract(6048,2208), Waves=1
[m1][INFO] Leader(2272,992) HP=100/100
[m1][INFO] Squad=4 Hostiles=0 Mode=combat
[m1][INFO] Bot loop started
[m1][EVENT] MODE: combat → extract
[m1][STATUS] 0s | HP:100/100 | Sq:4/4 | H:0 | K:0 | extract P=0.12 W=1
[m1][STATUS] 5s | HP:100/100 | Sq:4/4 | H:0 | K:0 | extract P=0.08 W=1
[m1][STATUS] 10s | HP:100/100 | Sq:4/4 | H:0 | K:0 | extract P=0.06 W=1
[m1][STATUS] 15s | HP:100/100 | Sq:4/4 | H:0 | K:0 | extract P=0.05 W=1
[m1][STATUS] 21s | HP:100/100 | Sq:4/4 | H:0 | K:0 | extract P=0.05 W=1
[m1][STATUS] 26s | HP:100/100 | Sq:4/4 | H:0 | K:0 | extract P=0.05 W=1
[m1][STATUS] 31s | HP:100/100 | Sq:4/4 | H:0 | K:0 | extract P=0.05 W=1
[m1][STATUS] 36s | HP:100/100 | Sq:4/4 | H:0 | K:0 | extract P=0.05 W=1
[m1][STATUS] 41s | HP:100/100 | Sq:4/4 | H:0 | K:0 | extract P=0.05 W=1
[m1][STATUS] 46s | HP:100/100 | Sq:4/4 | H:0 | K:0 | extract P=0.05 W=1
[m1][STATUS] 51s | HP:100/100 | Sq:4/4 | H:0 | K:0 | extract P=0.05 W=1
[m1][STATUS] 56s | HP:100/100 | Sq:4/4 | H:0 | K:0 | extract P=0.05 W=1
[m1][STATUS] 61s | HP:100/100 | Sq:4/4 | H:0 | K:0 | extract P=0.05 W=1
[m1][EVENT] MODE: extract → victory
[m1][INFO] VICTORY at 61.8s
[m1][INFO] ════════════════════════════════════
[m1][INFO] m1 DONE: victory | 61.8s
[m1][INFO] HP:100/100 Sq:4/4 K:0
[m1][INFO] Issues: 0 | Modes: combat→extract→victory
